ERROR_2025-03-27 05:34:08,878_This is the home page
ERROR_2025-03-27 05:34:10,521_This is the home page
ERROR_2025-03-27 05:34:37,123_This is the home page
ERROR_2025-03-27 05:34:42,656_This is the home page
ERROR_2025-03-27 05:34:49,726_This is the home page
ERROR_2025-03-27 05:34:52,798_This is the home page
ERROR_2025-03-27 05:41:38,424_This is the home page
ERROR_2025-03-27 05:44:41,905_This is the home page
ERROR_2025-03-27 05:45:50,754_This is the home page
ERROR_2025-03-27 05:49:18,301_This is the home page
ERROR_2025-03-27 05:49:40,212_This is the home page
ERROR_2025-03-27 05:51:18,475_This is the home page
ERROR_2025-03-27 05:52:46,708_This is the home page
ERROR_2025-03-27 05:52:56,050_This is the home page
ERROR_2025-03-27 05:54:35,286_Start home page
ERROR_2025-03-27 05:56:15,967_Start home
ERROR_2025-03-27 05:56:17,531_Start filial_home
ERROR_2025-03-27 05:56:18,511_Start operations
ERROR_2025-03-27 05:56:19,450_Start error_reverse_url
ERROR_2025-03-27 05:56:19,450_{'filial_active': <Filial: Краснодар>, 'filial_selected': 'krd', 'menu_selected': 'stocks', 'submenu_selected': 'load_stock_pg'}
ERROR_2025-03-27 05:57:04,759_Start home
ERROR_2025-03-27 05:57:05,535_Start filial_home
ERROR_2025-03-27 05:57:06,092_Start operations
ERROR_2025-03-27 05:57:06,666_Start error_reverse_url
ERROR_2025-03-27 05:57:06,666_{'filial_active': <Filial: Краснодар>, 'filial_selected': 'krd', 'menu_selected': 'stocks', 'submenu_selected': 'load_stock_pg'}
ERROR_2025-03-27 05:57:06,666_Не указан путь для load_stock_pg
ERROR_2025-03-27 05:57:23,027_Start error_reverse_url
ERROR_2025-03-27 05:57:23,027_{'filial_active': <Filial: Краснодар>, 'filial_selected': 'krd', 'menu_selected': 'stocks', 'submenu_selected': 'load_stock_wms'}
ERROR_2025-03-27 05:57:23,027_Не указан путь для load_stock_wms
ERROR_2025-03-27 05:57:46,762_Start error_reverse_url
ERROR_2025-03-27 05:57:46,762_{'filial_active': <Filial: Краснодар>, 'filial_selected': 'krd', 'menu_selected': 'stocks', 'submenu_selected': 'load_stock_pg'}
ERROR_2025-03-27 05:57:46,762_Не указан путь для: load_stock_pg
ERROR_2025-03-27 05:58:24,845_Start home
ERROR_2025-03-27 05:58:28,660_Start home
ERROR_2025-03-27 05:58:29,176_Start filial_home
ERROR_2025-03-27 05:58:29,729_Start operations
ERROR_2025-03-27 05:58:30,392_Start process_orders
ERROR_2025-03-27 06:02:55,319_Start home
ERROR_2025-03-27 06:02:55,935_Start filial_home
ERROR_2025-03-27 12:52:10,140_Start home
ERROR_2025-03-27 12:52:11,065_Start filial_home
ERROR_2025-03-27 12:52:11,909_Start operations
ERROR_2025-03-27 12:52:13,710_Start error_reverse_url
ERROR_2025-03-27 12:52:13,710_{'filial_active': <Filial: Краснодар>, 'filial_selected': 'krd', 'menu_selected': 'reports', 'submenu_selected': 'billing_tls'}
ERROR_2025-03-27 12:52:13,710_Не указан путь для: billing_tls
ERROR_2025-03-27 12:52:14,339_Start error_reverse_url
ERROR_2025-03-27 12:52:14,339_{'filial_active': <Filial: Краснодар>, 'filial_selected': 'krd', 'menu_selected': 'reports', 'submenu_selected': 'billing_sklad'}
ERROR_2025-03-27 12:52:14,339_Не указан путь для: billing_sklad
ERROR_2025-03-27 12:52:14,886_Start error_reverse_url
ERROR_2025-03-27 12:52:14,886_{'filial_active': <Filial: Краснодар>, 'filial_selected': 'krd', 'menu_selected': 'reports', 'submenu_selected': 'load_distribution_bux'}
ERROR_2025-03-27 12:52:14,886_Не указан путь для: load_distribution_bux
ERROR_2025-03-27 12:52:15,357_Start error_reverse_url
ERROR_2025-03-27 12:52:15,357_{'filial_active': <Filial: Краснодар>, 'filial_selected': 'krd', 'menu_selected': 'reports', 'submenu_selected': 'billing_sklad'}
ERROR_2025-03-27 12:52:15,357_Не указан путь для: billing_sklad
ERROR_2025-03-27 12:52:15,797_Start error_reverse_url
ERROR_2025-03-27 12:52:15,797_{'filial_active': <Filial: Краснодар>, 'filial_selected': 'krd', 'menu_selected': 'reports', 'submenu_selected': 'billing_tls'}
ERROR_2025-03-27 12:52:15,797_Не указан путь для: billing_tls
ERROR_2025-03-27 12:52:16,208_Start error_reverse_url
ERROR_2025-03-27 12:52:16,208_{'filial_active': <Filial: Краснодар>, 'filial_selected': 'krd', 'menu_selected': 'reports', 'submenu_selected': 'billing_sklad'}
ERROR_2025-03-27 12:52:16,209_Не указан путь для: billing_sklad
ERROR_2025-03-27 12:52:16,545_Start error_reverse_url
ERROR_2025-03-27 12:52:16,545_{'filial_active': <Filial: Краснодар>, 'filial_selected': 'krd', 'menu_selected': 'reports', 'submenu_selected': 'load_distribution_bux'}
ERROR_2025-03-27 12:52:16,545_Не указан путь для: load_distribution_bux
ERROR_2025-03-27 12:52:16,909_Start error_reverse_url
ERROR_2025-03-27 12:52:16,909_{'filial_active': <Filial: Краснодар>, 'filial_selected': 'krd', 'menu_selected': 'reports', 'submenu_selected': 'billing_sklad'}
ERROR_2025-03-27 12:52:16,909_Не указан путь для: billing_sklad
ERROR_2025-03-27 12:52:17,282_Start error_reverse_url
ERROR_2025-03-27 12:52:17,282_{'filial_active': <Filial: Краснодар>, 'filial_selected': 'krd', 'menu_selected': 'reports', 'submenu_selected': 'billing_tls'}
ERROR_2025-03-27 12:52:17,282_Не указан путь для: billing_tls
ERROR_2025-03-27 13:00:35,447_Start home
ERROR_2025-03-27 13:00:36,210_Start filial_home
ERROR_2025-03-27 13:00:36,680_Start operations
ERROR_2025-03-27 13:00:37,306_Start process_orders
ERROR_2025-03-27 13:02:07,750_Start home
ERROR_2025-03-27 13:02:08,765_Start filial_home
ERROR_2025-03-27 13:02:09,446_Start operations
ERROR_2025-03-27 13:02:10,136_Start process_orders
ERROR_2025-03-27 13:02:47,875_Start home
ERROR_2025-03-27 13:02:48,479_Start filial_home
ERROR_2025-03-27 13:02:48,983_Start operations
ERROR_2025-03-27 13:02:49,520_Start process_orders
ERROR_2025-03-27 13:03:08,354_Start operations
ERROR_2025-03-27 13:03:08,851_Start operations
ERROR_2025-03-27 13:03:09,855_Start process_orders
ERROR_2025-03-27 13:03:11,594_Start operation
ERROR_2025-03-27 13:03:29,441_Start operations
ERROR_2025-03-27 13:03:29,977_Start operations
ERROR_2025-03-27 13:03:30,498_Start process_orders
ERROR_2025-03-27 13:03:39,030_Start process_orders
ERROR_2025-03-27 13:04:23,973_Start operation
ERROR_2025-03-27 13:04:24,414_Start process_orders
ERROR_2025-03-27 13:04:29,779_Start process_orders
ERROR_2025-03-27 13:07:40,907_Start operation
ERROR_2025-03-27 13:07:42,040_Start process_orders
ERROR_2025-03-27 13:57:56,910_Start operation
ERROR_2025-03-27 13:57:57,613_Start process_orders
ERROR_2025-03-27 13:58:10,061_Start operation
ERROR_2025-03-27 13:58:10,810_Start process_orders
ERROR_2025-03-27 14:06:56,380_Start home
ERROR_2025-03-27 14:06:59,529_Start home
ERROR_2025-03-27 14:25:55,719_Start home
ERROR_2025-03-27 14:25:56,448_Start filial_home
ERROR_2025-03-27 14:25:59,260_Start operations
ERROR_2025-03-27 14:26:00,174_Start process_orders
ERROR_2025-03-27 14:29:02,576_Start home
ERROR_2025-03-27 14:29:05,140_Start home
ERROR_2025-03-27 14:29:05,876_Start home
ERROR_2025-03-27 14:29:06,438_Start filial_home
ERROR_2025-03-27 14:29:07,263_Start operations
ERROR_2025-03-27 14:29:08,134_Start process_orders
ERROR_2025-03-27 14:33:28,405_Start process_orders
ERROR_2025-03-27 14:33:30,956_Start operation
ERROR_2025-03-27 14:33:31,461_Start process_orders
ERROR_2025-03-27 14:36:20,361_Start operation
ERROR_2025-03-27 14:36:21,608_Start process_orders
ERROR_2025-03-27 14:36:48,969_Start operation
ERROR_2025-03-27 14:36:50,024_Start process_orders
ERROR_2025-03-27 14:38:29,441_Start home
ERROR_2025-03-27 14:38:30,569_Start filial_home
ERROR_2025-03-27 14:38:32,006_Start operations
ERROR_2025-03-27 15:07:15,051_Start process_orders
ERROR_2025-03-27 15:07:15,966_Start operations
ERROR_2025-03-27 15:07:17,021_Start operations
ERROR_2025-03-27 15:07:17,639_Start process_orders
ERROR_2025-03-27 15:18:52,631_Start operation
ERROR_2025-03-27 15:18:53,187_Start process_orders
ERROR_2025-03-27 15:18:54,589_Start operation
ERROR_2025-03-27 15:18:55,037_Start process_orders
ERROR_2025-03-27 15:18:59,445_Start operation
ERROR_2025-03-27 15:18:59,884_Start process_orders
ERROR_2025-03-27 15:19:00,492_Start operation
ERROR_2025-03-27 15:19:00,920_Start process_orders
ERROR_2025-03-27 15:19:08,492_Start operation
ERROR_2025-03-27 15:19:08,935_Start process_orders
ERROR_2025-03-27 15:19:10,054_Start operation
ERROR_2025-03-27 15:19:10,505_Start process_orders
ERROR_2025-03-27 15:19:11,573_Start operation
ERROR_2025-03-27 15:19:12,010_Start process_orders
ERROR_2025-03-27 15:20:41,973_Start operation
ERROR_2025-03-27 15:20:42,433_Start process_orders
ERROR_2025-03-27 15:21:02,891_Start operation
ERROR_2025-03-27 15:21:03,333_Start process_orders
ERROR_2025-03-27 15:21:23,196_Start operation
ERROR_2025-03-27 15:21:23,571_Start process_orders
ERROR_2025-03-27 15:21:29,881_Start process_orders
ERROR_2025-03-27 15:22:10,096_Start operation
ERROR_2025-03-27 15:22:11,408_Start process_orders
ERROR_2025-03-27 15:22:15,974_Start process_orders
ERROR_2025-03-27 15:22:30,371_Start process_orders
ERROR_2025-03-27 15:23:08,866_Start process_orders
ERROR_2025-03-27 15:24:22,792_Start home
ERROR_2025-03-27 15:24:23,267_Start filial_home
ERROR_2025-03-27 15:24:23,825_Start operations
ERROR_2025-03-27 15:24:24,667_Start process_orders
ERROR_2025-03-27 15:24:27,839_Start operations
ERROR_2025-03-27 15:24:29,130_Start operations
ERROR_2025-03-27 15:24:30,071_Start error_reverse_url
ERROR_2025-03-27 15:24:30,071_{'filial_active': <Filial: Краснодар>, 'filial_selected': 'krd', 'menu_selected': 'reports', 'submenu_selected': 'billing_tls'}
ERROR_2025-03-27 15:24:30,071_Не указан путь для: billing_tls
ERROR_2025-03-27 15:24:33,265_Start operations
ERROR_2025-03-27 15:24:33,826_Start operations
ERROR_2025-03-27 15:28:07,357_Start home
ERROR_2025-03-27 15:28:08,076_Start filial_home
ERROR_2025-03-27 15:28:08,839_Start operations
ERROR_2025-03-27 15:28:10,215_Start home
ERROR_2025-03-27 15:28:10,728_Start filial_home
ERROR_2025-03-27 15:28:11,685_Start operations
ERROR_2025-03-27 15:28:13,250_Start home
ERROR_2025-03-27 15:28:13,839_Start filial_home
ERROR_2025-03-27 15:28:14,554_Start operations
ERROR_2025-03-27 15:30:07,346_Start operations
ERROR_2025-03-27 15:30:08,500_Start error_reverse_url
ERROR_2025-03-27 15:30:08,500_{'filial_active': <Filial: Краснодар>, 'filial_selected': 'krd', 'menu_selected': 'reports', 'submenu_selected': 'billing_sklad'}
ERROR_2025-03-27 15:30:08,501_Не указан путь для: billing_sklad
ERROR_2025-03-27 15:30:09,174_Start error_reverse_url
ERROR_2025-03-27 15:30:09,174_{'filial_active': <Filial: Краснодар>, 'filial_selected': 'krd', 'menu_selected': 'reports', 'submenu_selected': 'billing_tls'}
ERROR_2025-03-27 15:30:09,174_Не указан путь для: billing_tls
