INFO_2025-03-29 15:25:23,808_File: base_app.views Func: home.
INFO_2025-03-29 15:25:24,455_File: base_app.views Func: filial_home.
INFO_2025-03-29 15:25:25,906_File: base_app.views Func: operation.
INFO_2025-03-29 15:25:30,695_File: base_app.views Func: operation.
INFO_2025-03-29 15:27:16,520_File: base_app.views Func: home.
INFO_2025-03-29 15:27:17,526_File: base_app.views Func: filial_home.
INFO_2025-03-29 15:27:19,212_File: base_app.views Func: operation.
ERROR_2025-03-29 15:27:27,257_Traceback (most recent call last):
  File "C:\Users\rhashhanok\PycharmProjects\Logistics\base_app\contract_models\krd\kzvs.py", line 17, in start
    res, error_valid = dict_func.get(kwargs['submenu_selected'])(**kwargs)
                       ~~~~~~~~~~~~~~~~~~~~~~~~~~~~~~~~~~~~~~~~~^^^^^^^^^^
TypeError: 'NoneType' object is not callable

File: base_app.contract_models.krd.kzvs
Func: start
Error: 'NoneType' object is not callable.
INFO_2025-03-29 15:27:27,258_File: base_app.views Func: operation.
INFO_2025-03-31 16:05:23,740_File: base_app.views Func: home.
INFO_2025-03-31 16:05:26,708_File: base_app.views Func: filial_home.
INFO_2025-03-31 16:05:30,175_File: base_app.views Func: error_reverse_url.
INFO_2025-03-31 16:08:16,532_File: base_app.views Func: error_reverse_url.
INFO_2025-03-31 16:12:15,398_File: base_app.views Func: reports.
INFO_2025-03-31 16:12:16,895_File: base_app.views Func: error_reverse_url.
INFO_2025-03-31 16:12:17,908_File: base_app.views Func: reports.
INFO_2025-03-31 16:15:40,824_File: base_app.views Func: report.
INFO_2025-03-31 17:04:42,256_File: base_app.views Func: error_reverse_url.
INFO_2025-03-31 17:04:43,426_File: base_app.views Func: report.
INFO_2025-03-31 17:05:08,010_File: base_app.views Func: error_reverse_url.
INFO_2025-03-31 17:05:08,747_File: base_app.views Func: report.
INFO_2025-03-31 17:05:23,274_File: base_app.views Func: home.
INFO_2025-03-31 17:05:36,266_File: base_app.views Func: filial_home.
INFO_2025-03-31 17:05:39,986_File: base_app.views Func: report.
INFO_2025-03-31 17:05:42,839_File: base_app.views Func: report.
INFO_2025-03-31 17:08:00,839_File: base_app.views Func: operation.
INFO_2025-03-31 17:08:09,225_File: base_app.views Func: operation.
INFO_2025-03-31 17:09:28,959_File: base_app.views Func: operation.
INFO_2025-03-31 17:09:47,443_File: base_app.views Func: operation.
INFO_2025-03-31 17:09:49,542_File: base_app.views Func: home.
INFO_2025-03-31 17:09:50,109_File: base_app.views Func: filial_home.
INFO_2025-03-31 17:09:52,001_File: base_app.views Func: operation.
INFO_2025-03-31 17:09:57,163_File: base_app.views Func: operation.
INFO_2025-03-31 17:10:11,186_File: base_app.views Func: operation.
INFO_2025-03-31 17:10:13,356_File: base_app.views Func: home.
INFO_2025-03-31 17:10:13,940_File: base_app.views Func: filial_home.
INFO_2025-03-31 17:10:16,073_File: base_app.views Func: operation.
INFO_2025-03-31 17:10:21,503_File: base_app.views Func: operation.
INFO_2025-03-31 17:10:54,272_File: base_app.views Func: operation.
INFO_2025-03-31 17:11:29,785_File: base_app.views Func: operation.
INFO_2025-03-31 17:17:24,978_File: base_app.views Func: home.
INFO_2025-03-31 17:17:26,375_File: base_app.views Func: filial_home.
INFO_2025-03-31 17:17:29,657_File: base_app.views Func: report.
INFO_2025-03-31 17:17:31,952_File: base_app.views Func: report.
INFO_2025-03-31 17:18:40,175_File: base_app.views Func: report.
INFO_2025-03-31 17:18:42,078_File: base_app.views Func: report.
INFO_2025-03-31 17:19:56,487_File: base_app.views Func: error_reverse_url.
INFO_2025-03-31 17:19:57,664_File: base_app.views Func: report.
INFO_2025-03-31 17:19:59,477_File: base_app.views Func: report.
INFO_2025-03-31 17:20:53,683_File: base_app.views Func: report.
INFO_2025-03-31 17:22:31,244_File: base_app.views Func: report.
INFO_2025-03-31 18:07:53,333_File: base_app.views Func: report.
INFO_2025-03-31 18:10:48,816_File: base_app.views Func: report.
INFO_2025-03-31 18:11:14,941_File: base_app.views Func: report.
INFO_2025-03-31 18:18:55,383_File: base_app.views Func: report.
INFO_2025-03-31 18:19:46,665_File: base_app.views Func: report.
INFO_2025-03-31 18:20:20,295_File: base_app.views Func: report.
INFO_2025-03-31 18:20:55,891_File: base_app.views Func: report.
INFO_2025-03-31 18:25:55,831_File: base_app.views Func: report.
INFO_2025-03-31 18:27:11,893_File: base_app.views Func: report.
INFO_2025-03-31 18:27:43,745_File: base_app.views Func: report.
INFO_2025-03-31 18:28:09,817_File: base_app.views Func: report.
INFO_2025-03-31 18:29:03,313_File: base_app.views Func: report.
INFO_2025-03-31 18:29:44,630_File: base_app.views Func: report.
INFO_2025-03-31 18:40:38,165_File: base_app.views Func: report.
INFO_2025-04-01 09:17:17,857_File: base_app.views Func: home.
INFO_2025-04-01 09:17:31,075_File: base_app.views Func: home.
INFO_2025-04-01 09:18:53,427_File: base_app.views Func: home.
INFO_2025-04-01 09:19:20,900_File: base_app.views Func: home.
INFO_2025-04-01 09:20:27,321_File: base_app.views Func: home.
INFO_2025-04-01 09:21:05,345_File: base_app.views Func: home.
INFO_2025-04-01 09:21:16,145_File: base_app.views Func: home.
INFO_2025-04-01 09:21:30,278_File: base_app.views Func: home.
INFO_2025-04-01 09:21:34,527_File: base_app.views Func: filial_home.
INFO_2025-04-01 09:21:35,614_File: base_app.views Func: home.
INFO_2025-04-01 09:30:19,266_File: base_app.views Func: home.
INFO_2025-04-01 09:30:31,251_File: base_app.views Func: home.
INFO_2025-04-01 09:30:40,267_File: base_app.views Func: home.
INFO_2025-04-01 09:30:51,995_File: base_app.views Func: filial_home.
INFO_2025-04-01 09:30:53,653_File: base_app.views Func: operation.
INFO_2025-04-01 09:31:24,172_File: base_app.views Func: operation.
INFO_2025-04-01 09:52:10,432_File: base_app.views Func: home.
INFO_2025-04-01 09:52:10,935_File: base_app.views Func: filial_home.
INFO_2025-04-01 09:52:12,899_File: base_app.views Func: operation.
INFO_2025-04-01 09:56:22,577_File: base_app.views Func: operation.
INFO_2025-04-01 09:56:28,007_File: base_app.views Func: operation.
INFO_2025-04-01 10:01:56,695_File: base_app.views Func: operation.
INFO_2025-04-01 10:02:16,500_File: base_app.views Func: operation.
INFO_2025-04-01 10:02:51,621_File: base_app.views Func: operation.
INFO_2025-04-01 10:05:21,076_File: base_app.views Func: operation.
INFO_2025-04-01 10:05:57,028_File: base_app.views Func: operation.
INFO_2025-04-01 10:06:33,839_File: base_app.views Func: operation.
INFO_2025-04-01 10:07:35,403_File: base_app.views Func: operation.
INFO_2025-04-01 10:07:45,123_File: base_app.views Func: operation.
INFO_2025-04-01 10:07:49,737_File: base_app.views Func: operation.
INFO_2025-04-01 10:07:52,198_File: base_app.views Func: home.
INFO_2025-04-01 10:07:52,743_File: base_app.views Func: filial_home.
INFO_2025-04-01 10:07:53,922_File: base_app.views Func: operation.
INFO_2025-04-01 10:21:56,942_File: base_app.views Func: home.
INFO_2025-04-01 10:22:02,701_File: base_app.views Func: home.
INFO_2025-04-01 10:22:48,918_File: base_app.views Func: home.
INFO_2025-04-01 10:22:53,382_File: base_app.views Func: home.
INFO_2025-04-01 10:24:02,172_File: base_app.views Func: home.
INFO_2025-04-01 10:25:01,395_File: base_app.views Func: home.
INFO_2025-04-01 10:31:41,086_File: base_app.views Func: home.
INFO_2025-04-01 10:32:08,997_File: base_app.views Func: home.
INFO_2025-04-01 10:32:17,181_File: base_app.views Func: home.
INFO_2025-04-01 10:32:18,069_File: base_app.views Func: filial_home.
INFO_2025-04-01 10:32:19,182_File: base_app.views Func: home.
INFO_2025-04-01 10:35:05,422_File: base_app.views Func: home.
INFO_2025-04-01 10:35:27,872_File: base_app.views Func: home.
INFO_2025-04-01 10:36:22,626_File: base_app.views Func: home.
INFO_2025-04-01 10:36:58,135_File: base_app.views Func: home.
INFO_2025-04-01 10:37:07,335_File: base_app.views Func: home.
INFO_2025-04-01 10:40:05,792_File: base_app.views Func: home.
INFO_2025-04-01 10:40:19,884_File: base_app.views Func: home.
INFO_2025-04-01 10:40:28,253_File: base_app.views Func: home.
INFO_2025-04-01 10:48:54,042_File: base_app.views Func: home.
INFO_2025-04-01 10:49:22,316_File: base_app.views Func: home.
INFO_2025-04-01 10:49:32,544_File: base_app.views Func: home.
INFO_2025-04-01 10:56:31,853_File: base_app.views Func: home.
INFO_2025-04-01 10:57:49,331_File: base_app.views Func: home.
INFO_2025-04-01 10:58:04,803_File: base_app.views Func: home.
INFO_2025-04-01 10:58:06,210_File: base_app.views Func: home.
INFO_2025-04-01 10:58:07,049_File: base_app.views Func: home.
INFO_2025-04-01 10:58:07,771_File: base_app.views Func: home.
INFO_2025-04-01 10:58:09,034_File: base_app.views Func: home.
INFO_2025-04-01 10:58:16,283_File: base_app.views Func: home.
INFO_2025-04-01 10:58:18,068_File: base_app.views Func: home.
INFO_2025-04-01 10:58:21,875_File: base_app.views Func: home.
INFO_2025-04-01 10:59:27,725_File: base_app.views Func: home.
INFO_2025-04-01 11:02:47,360_File: base_app.views Func: home.
INFO_2025-04-01 11:02:48,911_File: base_app.views Func: home.
INFO_2025-04-01 11:04:19,110_File: base_app.views Func: home.
INFO_2025-04-01 11:04:37,805_File: base_app.views Func: home.
INFO_2025-04-01 11:06:24,044_File: base_app.views Func: home.
INFO_2025-04-01 11:06:25,058_File: base_app.views Func: home.
INFO_2025-04-01 11:06:40,991_File: base_app.views Func: home.
INFO_2025-04-01 11:07:01,419_File: base_app.views Func: home.
INFO_2025-04-01 11:07:08,861_File: base_app.views Func: home.
INFO_2025-04-01 11:07:10,002_File: base_app.views Func: home.
INFO_2025-04-01 11:07:39,915_File: base_app.views Func: home.
INFO_2025-04-01 11:07:41,274_File: base_app.views Func: home.
INFO_2025-04-01 11:07:58,988_File: base_app.views Func: home.
INFO_2025-04-01 11:07:59,850_File: base_app.views Func: home.
INFO_2025-04-01 11:08:00,041_File: base_app.views Func: home.
INFO_2025-04-01 11:09:41,409_File: base_app.views Func: home.
INFO_2025-04-01 11:09:43,320_File: base_app.views Func: home.
INFO_2025-04-01 11:10:32,506_File: base_app.views Func: home.
INFO_2025-04-01 11:10:34,233_File: base_app.views Func: home.
INFO_2025-04-01 11:10:53,410_File: base_app.views Func: home.
INFO_2025-04-01 11:11:02,408_File: base_app.views Func: home.
INFO_2025-04-01 11:11:03,721_File: base_app.views Func: home.
INFO_2025-04-01 11:11:05,336_File: base_app.views Func: home.
INFO_2025-04-01 11:11:16,823_File: base_app.views Func: home.
INFO_2025-04-01 11:11:57,688_File: base_app.views Func: home.
INFO_2025-04-01 11:12:02,447_File: base_app.views Func: home.
INFO_2025-04-01 11:12:03,845_File: base_app.views Func: home.
INFO_2025-04-01 11:15:04,643_File: base_app.views Func: home.
INFO_2025-04-01 11:15:10,893_File: base_app.views Func: home.
INFO_2025-04-01 11:15:49,051_File: base_app.views Func: home.
INFO_2025-04-01 11:15:50,673_File: base_app.views Func: home.
INFO_2025-04-01 11:16:34,709_File: base_app.views Func: home.
INFO_2025-04-01 11:16:35,946_File: base_app.views Func: home.
INFO_2025-04-01 11:18:05,618_File: base_app.views Func: home.
INFO_2025-04-01 11:18:07,978_File: base_app.views Func: home.
INFO_2025-04-01 11:25:40,035_File: base_app.views Func: home.
INFO_2025-04-01 11:26:21,701_File: base_app.views Func: home.
INFO_2025-04-01 11:27:34,464_File: base_app.views Func: home.
INFO_2025-04-01 11:28:25,731_File: base_app.views Func: home.
INFO_2025-04-01 11:29:04,629_File: base_app.views Func: home.
INFO_2025-04-01 11:29:30,129_File: base_app.views Func: home.
INFO_2025-04-01 11:31:51,408_File: base_app.views Func: home.
INFO_2025-04-01 11:31:53,161_File: base_app.views Func: filial_home.
INFO_2025-04-01 11:31:54,369_File: base_app.views Func: home.
INFO_2025-04-01 11:32:46,647_File: base_app.views Func: home.
INFO_2025-04-01 11:32:48,108_File: base_app.views Func: home.
INFO_2025-04-01 11:33:29,614_File: base_app.views Func: home.
INFO_2025-04-01 11:33:31,483_File: base_app.views Func: home.
INFO_2025-04-01 11:34:25,972_File: base_app.views Func: home.
INFO_2025-04-01 11:34:27,339_File: base_app.views Func: home.
INFO_2025-04-01 11:34:36,686_File: base_app.views Func: home.
INFO_2025-04-01 11:34:37,728_File: base_app.views Func: filial_home.
INFO_2025-04-01 11:34:38,952_File: base_app.views Func: home.
INFO_2025-04-01 11:38:37,018_File: base_app.views Func: home.
INFO_2025-04-01 11:39:17,081_File: base_app.views Func: home.
INFO_2025-04-01 11:40:14,754_File: base_app.views Func: home.
INFO_2025-04-01 11:40:31,056_File: base_app.views Func: home.
INFO_2025-04-01 11:42:04,138_File: base_app.views Func: home.
INFO_2025-04-01 11:42:50,006_File: base_app.views Func: home.
INFO_2025-04-01 11:42:54,104_File: base_app.views Func: home.
INFO_2025-04-01 11:43:18,695_File: base_app.views Func: home.
INFO_2025-04-01 11:43:20,487_File: base_app.views Func: home.
INFO_2025-04-01 11:44:27,187_File: base_app.views Func: home.
INFO_2025-04-01 11:44:51,764_File: base_app.views Func: home.
INFO_2025-04-01 11:45:18,380_File: base_app.views Func: home.
INFO_2025-04-01 11:45:19,641_File: base_app.views Func: home.
INFO_2025-04-01 11:45:53,994_File: base_app.views Func: home.
INFO_2025-04-01 11:46:00,630_File: base_app.views Func: home.
INFO_2025-04-01 11:51:37,067_File: base_app.views Func: home.
INFO_2025-04-01 11:51:44,102_File: base_app.views Func: home.
INFO_2025-04-01 11:57:07,016_File: base_app.views Func: home.
INFO_2025-04-01 11:57:09,171_File: base_app.views Func: home.
INFO_2025-04-01 11:58:23,436_File: base_app.views Func: home.
INFO_2025-04-01 11:58:24,915_File: base_app.views Func: home.
INFO_2025-04-01 11:59:43,011_File: base_app.views Func: home.
INFO_2025-04-01 11:59:44,772_File: base_app.views Func: home.
INFO_2025-04-01 12:01:14,553_File: base_app.views Func: home.
INFO_2025-04-01 12:01:16,232_File: base_app.views Func: home.
INFO_2025-04-01 12:01:42,483_File: base_app.views Func: home.
INFO_2025-04-01 12:01:44,203_File: base_app.views Func: home.
INFO_2025-04-01 12:01:50,892_File: base_app.views Func: home.
INFO_2025-04-01 12:01:58,615_File: base_app.views Func: home.
INFO_2025-04-01 12:02:03,346_File: base_app.views Func: home.
INFO_2025-04-01 12:02:30,399_File: base_app.views Func: home.
INFO_2025-04-01 12:03:02,535_File: base_app.views Func: home.
INFO_2025-04-01 12:03:10,423_File: base_app.views Func: home.
INFO_2025-04-01 12:03:24,581_File: base_app.views Func: home.
INFO_2025-04-01 12:03:56,397_File: base_app.views Func: home.
INFO_2025-04-01 12:04:04,253_File: base_app.views Func: home.
INFO_2025-04-01 12:05:15,245_File: base_app.views Func: home.
INFO_2025-04-01 12:05:18,765_File: base_app.views Func: home.
INFO_2025-04-01 12:05:27,405_File: base_app.views Func: home.
INFO_2025-04-01 12:06:00,060_File: base_app.views Func: home.
INFO_2025-04-01 12:06:12,814_File: base_app.views Func: home.
INFO_2025-04-01 12:06:37,757_File: base_app.views Func: home.
INFO_2025-04-01 12:06:39,210_File: base_app.views Func: home.
INFO_2025-04-01 12:06:57,124_File: base_app.views Func: home.
INFO_2025-04-01 12:07:03,756_File: base_app.views Func: home.
INFO_2025-04-01 12:07:16,305_File: base_app.views Func: home.
INFO_2025-04-01 12:07:18,118_File: base_app.views Func: home.
INFO_2025-04-01 12:07:30,235_File: base_app.views Func: home.
INFO_2025-04-01 12:07:31,423_File: base_app.views Func: filial_home.
INFO_2025-04-01 12:07:33,199_File: base_app.views Func: home.
INFO_2025-04-01 12:10:03,281_File: base_app.views Func: home.
INFO_2025-04-01 12:10:10,082_File: base_app.views Func: home.
INFO_2025-04-01 12:10:20,513_File: base_app.views Func: home.
INFO_2025-04-01 12:10:21,949_File: base_app.views Func: home.
INFO_2025-04-01 12:10:28,089_File: base_app.views Func: home.
INFO_2025-04-01 12:10:28,699_File: base_app.views Func: filial_home.
INFO_2025-04-01 12:10:30,445_File: base_app.views Func: home.
INFO_2025-04-01 12:13:55,120_File: base_app.views Func: home.
INFO_2025-04-01 12:14:09,065_File: base_app.views Func: home.
INFO_2025-04-01 12:14:16,528_File: base_app.views Func: home.
INFO_2025-04-01 12:14:35,781_File: base_app.views Func: home.
INFO_2025-04-01 12:14:38,364_File: base_app.views Func: home.
INFO_2025-04-01 12:14:47,132_File: base_app.views Func: home.
INFO_2025-04-01 12:14:48,941_File: base_app.views Func: home.
INFO_2025-04-01 12:21:06,351_File: base_app.views Func: home.
INFO_2025-04-01 12:21:08,340_File: base_app.views Func: home.
INFO_2025-04-01 12:21:14,648_File: base_app.views Func: home.
INFO_2025-04-01 12:21:28,424_File: base_app.views Func: home.
INFO_2025-04-01 12:24:49,488_File: base_app.views Func: home.
INFO_2025-04-01 12:24:51,010_File: base_app.views Func: home.
INFO_2025-04-01 12:25:04,605_File: base_app.views Func: home.
INFO_2025-04-01 12:28:26,784_File: base_app.views Func: home.
INFO_2025-04-01 12:28:28,985_File: base_app.views Func: home.
INFO_2025-04-01 12:29:37,914_File: base_app.views Func: home.
INFO_2025-04-01 12:30:21,357_File: base_app.views Func: home.
INFO_2025-04-01 12:38:40,611_File: base_app.views Func: home.
INFO_2025-04-01 12:40:50,652_File: base_app.views Func: home.
INFO_2025-04-01 12:45:40,489_File: base_app.views Func: home.
INFO_2025-04-01 12:46:39,191_File: base_app.views Func: home.
INFO_2025-04-01 12:47:27,448_File: base_app.views Func: home.
INFO_2025-04-01 12:47:58,304_File: base_app.views Func: home.
INFO_2025-04-01 14:10:43,279_File: base_app.views Func: home.
INFO_2025-04-01 14:33:34,811_File: base_app.views Func: home.
INFO_2025-04-01 14:33:44,400_File: base_app.views Func: home.
INFO_2025-04-01 14:33:46,275_File: base_app.views Func: home.
INFO_2025-04-01 14:34:09,106_File: base_app.views Func: home.
INFO_2025-04-01 14:36:06,668_File: base_app.views Func: home.
INFO_2025-04-01 14:36:30,226_File: base_app.views Func: home.
INFO_2025-04-01 14:39:03,270_File: base_app.views Func: home.
INFO_2025-04-01 14:39:36,432_File: base_app.views Func: home.
INFO_2025-04-01 14:40:06,487_File: base_app.views Func: home.
INFO_2025-04-01 14:40:27,023_File: base_app.views Func: home.
INFO_2025-04-01 14:41:12,908_File: base_app.views Func: home.
INFO_2025-04-01 14:42:01,264_File: base_app.views Func: home.
INFO_2025-04-01 14:42:22,557_File: base_app.views Func: home.
INFO_2025-04-01 14:42:27,430_File: base_app.views Func: home.
INFO_2025-04-01 14:42:36,989_File: base_app.views Func: home.
INFO_2025-04-01 14:42:38,222_File: base_app.views Func: filial_home.
INFO_2025-04-01 14:42:38,942_File: base_app.views Func: home.
INFO_2025-04-01 14:47:56,711_File: base_app.views Func: home.
INFO_2025-04-01 14:48:59,898_File: base_app.views Func: home.
INFO_2025-04-01 14:53:09,144_File: base_app.views Func: home.
INFO_2025-04-01 14:53:21,568_File: base_app.views Func: home.
INFO_2025-04-01 14:53:30,679_File: base_app.views Func: home.
INFO_2025-04-01 14:56:58,687_File: base_app.views Func: home.
INFO_2025-04-01 14:57:02,416_File: base_app.views Func: home.
INFO_2025-04-01 14:57:29,485_File: base_app.views Func: home.
INFO_2025-04-01 14:57:53,750_File: base_app.views Func: home.
INFO_2025-04-01 14:57:56,470_File: base_app.views Func: home.
INFO_2025-04-01 14:59:18,837_File: base_app.views Func: home.
INFO_2025-04-01 14:59:24,261_File: base_app.views Func: home.
INFO_2025-04-01 14:59:48,021_File: base_app.views Func: home.
INFO_2025-04-01 15:00:10,517_File: base_app.views Func: home.
INFO_2025-04-01 15:00:58,620_File: base_app.views Func: home.
INFO_2025-04-01 15:01:18,859_File: base_app.views Func: home.
INFO_2025-04-01 15:01:29,268_File: base_app.views Func: home.
INFO_2025-04-01 15:01:52,571_File: base_app.views Func: home.
INFO_2025-04-01 15:10:27,262_File: base_app.views Func: home.
INFO_2025-04-01 15:10:33,238_File: base_app.views Func: home.
INFO_2025-04-01 15:10:38,157_File: base_app.views Func: home.
INFO_2025-04-01 15:10:38,678_File: base_app.views Func: filial_home.
INFO_2025-04-01 15:10:39,638_File: base_app.views Func: home.
INFO_2025-04-01 15:10:40,085_File: base_app.views Func: filial_home.
INFO_2025-04-01 15:10:41,445_File: base_app.views Func: home.
INFO_2025-04-01 15:10:42,174_File: base_app.views Func: filial_home.
INFO_2025-04-01 15:10:42,798_File: base_app.views Func: home.
INFO_2025-04-01 15:10:49,886_File: base_app.views Func: home.
INFO_2025-04-01 15:11:01,426_File: base_app.views Func: home.
INFO_2025-04-01 15:11:05,982_File: base_app.views Func: filial_home.
INFO_2025-04-01 15:11:07,795_File: base_app.views Func: home.
INFO_2025-04-01 17:39:22,660_File: base_app.views Func: home.
INFO_2025-04-01 17:39:24,577_File: base_app.views Func: filial_home.
INFO_2025-04-01 17:39:30,257_File: base_app.views Func: report.
INFO_2025-04-01 17:39:34,306_File: base_app.views Func: report.
INFO_2025-04-01 17:49:24,231_File: base_app.views Func: report.
INFO_2025-04-01 17:49:48,705_File: base_app.views Func: report.
INFO_2025-04-01 17:56:04,846_File: base_app.views Func: report.
INFO_2025-04-01 17:56:11,585_File: base_app.views Func: report.
INFO_2025-04-01 17:57:50,275_File: base_app.views Func: report.
INFO_2025-04-01 17:59:48,485_File: base_app.views Func: report.
INFO_2025-04-01 18:01:11,172_File: base_app.views Func: report.
INFO_2025-04-01 18:01:41,944_File: base_app.views Func: report.
INFO_2025-04-01 18:01:54,650_File: base_app.views Func: home.
INFO_2025-04-01 18:03:05,683_File: base_app.views Func: filial_home.
INFO_2025-04-01 18:03:08,455_File: base_app.views Func: report.
INFO_2025-04-01 18:03:15,678_File: base_app.views Func: report.
INFO_2025-04-01 18:03:20,198_File: base_app.views Func: report.
INFO_2025-04-01 18:03:28,505_File: base_app.views Func: report.
INFO_2025-04-01 18:04:15,196_File: base_app.views Func: report.
INFO_2025-04-01 20:37:12,087_File: base_app.views Func: report.
INFO_2025-04-01 20:40:58,063_File: base_app.views Func: report.
INFO_2025-04-01 20:55:50,171_File: base_app.views Func: report.
INFO_2025-04-01 20:56:44,928_File: base_app.views Func: report.
INFO_2025-04-01 21:05:28,546_File: base_app.views Func: report.
INFO_2025-04-01 21:06:02,834_File: base_app.views Func: report.
INFO_2025-04-01 21:07:38,974_File: base_app.views Func: report.
INFO_2025-04-01 21:10:30,347_File: base_app.views Func: report.
INFO_2025-04-01 21:10:34,283_File: base_app.views Func: report.
INFO_2025-04-01 21:11:53,561_File: base_app.views Func: report.
INFO_2025-04-01 21:14:26,260_File: base_app.views Func: report.
INFO_2025-04-01 21:14:39,689_File: base_app.views Func: report.
INFO_2025-04-01 21:15:09,499_File: base_app.views Func: report.
INFO_2025-04-01 21:19:51,884_File: base_app.views Func: report.
INFO_2025-04-01 21:20:16,069_File: base_app.views Func: report.
INFO_2025-04-01 21:20:35,092_File: base_app.views Func: report.
INFO_2025-04-01 21:20:47,392_File: base_app.views Func: report.
INFO_2025-04-01 21:21:05,855_File: base_app.views Func: report.
INFO_2025-04-01 21:23:37,656_File: base_app.views Func: report.
INFO_2025-04-01 21:24:36,588_File: base_app.views Func: report.
INFO_2025-04-01 21:25:58,290_File: base_app.views Func: report.
INFO_2025-04-01 21:26:51,772_File: base_app.views Func: report.
INFO_2025-04-01 21:27:27,851_File: base_app.views Func: report.
INFO_2025-04-01 21:28:30,543_File: base_app.views Func: report.
INFO_2025-04-01 21:28:49,705_File: base_app.views Func: report.
INFO_2025-04-01 21:30:17,460_File: base_app.views Func: report.
INFO_2025-04-01 21:36:54,106_File: base_app.views Func: report.
INFO_2025-04-01 22:34:56,156_File: base_app.views Func: home.
INFO_2025-04-01 22:41:31,756_File: base_app.views Func: home.
INFO_2025-04-01 22:49:42,661_File: base_app.views Func: home.
INFO_2025-04-01 23:06:55,499_File: base_app.views Func: home.
INFO_2025-04-01 23:28:54,732_File: base_app.views Func: filial_home.
INFO_2025-04-01 23:28:56,499_File: base_app.views Func: report.
INFO_2025-04-01 23:28:58,679_File: base_app.views Func: report.
INFO_2025-04-01 23:31:39,865_File: base_app.views Func: report.
INFO_2025-04-01 23:32:16,093_File: base_app.views Func: report.
INFO_2025-04-01 23:32:24,161_File: base_app.views Func: report.
INFO_2025-04-01 23:32:48,116_File: base_app.views Func: report.
INFO_2025-04-02 11:51:22,370_File: base_app.views Func: error_reverse_url.
INFO_2025-04-02 11:51:25,000_File: base_app.views Func: error_reverse_url.
INFO_2025-04-02 11:51:26,783_File: base_app.views Func: report.
